#
# There is insufficient memory for the Java Runtime Environment to continue.
# Native memory allocation (malloc) failed to allocate 1479376 bytes for Chunk::new
# Possible reasons:
#   The system is out of physical RAM or swap space
#   The process is running with CompressedOops enabled, and the Java Heap may be blocking the growth of the native heap
# Possible solutions:
#   Reduce memory load on the system
#   Increase physical memory or swap space
#   Check if swap backing store is full
#   Decrease Java heap size (-Xmx/-Xms)
#   Decrease number of Java threads
#   Decrease Java thread stack sizes (-Xss)
#   Set larger code cache with -XX:ReservedCodeCacheSize=
#   JVM is running with Unscaled Compressed Oops mode in which the Java heap is
#     placed in the first 4GB address space. The Java Heap base address is the
#     maximum limit for the native heap growth. Please use -XX:HeapBaseMinAddress
#     to set the Java Heap base and to place the Java Heap above 4GB virtual address.
# This output file may be truncated or incomplete.
#
#  Out of Memory Error (allocation.cpp:389), pid=2196, tid=0x0000000000002e04
#
# JRE version: OpenJDK Runtime Environment (8.0_202-b03) (build 1.8.0_202-release-1483-b03)
# Java VM: OpenJDK 64-Bit Server VM (25.202-b03 mixed mode windows-amd64 compressed oops)
# Failed to write core dump. Minidumps are not enabled by default on client versions of Windows
#

---------------  T H R E A D  ---------------

Current thread (0x0000000016070800):  JavaThread "C2 CompilerThread1" daemon [_thread_in_native, id=11780, stack(0x00000000177e0000,0x00000000178e0000)]

Stack: [0x00000000177e0000,0x00000000178e0000]
[error occurred during error reporting (printing stack bounds), id 0xc0000005]

Native frames: (J=compiled Java code, j=interpreted, Vv=VM code, C=native code)


Current CompileTask:
C2:  13644 1395       4       java.net.URLClassLoader$1::run (5 bytes)


---------------  P R O C E S S  ---------------

Java Threads: ( => current thread )
  0x000000001607a000 JavaThread "Cache worker for journal cache (C:\Users\Dell\.gradle\caches\journal-1)" [_thread_blocked, id=920, stack(0x000000001ac30000,0x000000001ad30000)]
  0x000000001607d800 JavaThread "File lock request listener" [_thread_in_native, id=588, stack(0x000000001ab30000,0x000000001ac30000)]
  0x0000000016079000 JavaThread "Cache worker for file hash cache (C:\Users\Dell\.gradle\caches\5.4.1\fileHashes)" [_thread_blocked, id=14316, stack(0x000000001aa30000,0x000000001ab30000)]
  0x0000000018172000 JavaThread "Thread-9" [_thread_blocked, id=4264, stack(0x000000001a930000,0x000000001aa30000)]
  0x000000001816b800 JavaThread "Stdin handler" [_thread_blocked, id=9776, stack(0x000000001a830000,0x000000001a930000)]
  0x000000001813a000 JavaThread "Asynchronous log dispatcher for DefaultDaemonConnection: socket connection from /127.0.0.1:52109 to /127.0.0.1:52110" [_thread_blocked, id=2552, stack(0x000000001a730000,0x000000001a830000)]
  0x0000000018133000 JavaThread "Daemon worker" [_thread_in_native, id=372, stack(0x000000001a630000,0x000000001a730000)]
  0x00000000180a7800 JavaThread "Cancel handler" [_thread_blocked, id=2568, stack(0x000000001a530000,0x000000001a630000)]
  0x0000000018092800 JavaThread "Handler for socket connection from /127.0.0.1:52109 to /127.0.0.1:52110" [_thread_in_native, id=972, stack(0x000000001a230000,0x000000001a330000)]
  0x0000000017b9a000 JavaThread "Daemon" [_thread_blocked, id=10844, stack(0x000000001a130000,0x000000001a230000)]
  0x000000001832a000 JavaThread "Daemon periodic checks" [_thread_blocked, id=9300, stack(0x000000001a030000,0x000000001a130000)]
  0x0000000017c73800 JavaThread "Incoming local TCP Connector on port 52109" [_thread_in_native, id=3308, stack(0x0000000019df0000,0x0000000019ef0000)]
  0x0000000019155000 JavaThread "Daemon health stats" [_thread_blocked, id=1324, stack(0x00000000197b0000,0x00000000198b0000)]
  0x00000000160cb000 JavaThread "Service Thread" daemon [_thread_blocked, id=9084, stack(0x0000000017de0000,0x0000000017ee0000)]
  0x000000001607d000 JavaThread "C1 CompilerThread2" daemon [_thread_blocked, id=2288, stack(0x00000000178e0000,0x00000000179e0000)]
=>0x0000000016070800 JavaThread "C2 CompilerThread1" daemon [_thread_in_native, id=11780, stack(0x00000000177e0000,0x00000000178e0000)]
  0x000000001606c800 JavaThread "C2 CompilerThread0" daemon [_thread_in_native, id=13012, stack(0x00000000176e0000,0x00000000177e0000)]
  0x0000000016076000 JavaThread "Attach Listener" daemon [_thread_blocked, id=9096, stack(0x00000000175e0000,0x00000000176e0000)]
  0x0000000016075000 JavaThread "Signal Dispatcher" daemon [_thread_blocked, id=8316, stack(0x00000000174e0000,0x00000000175e0000)]
  0x00000000026fb000 JavaThread "Finalizer" daemon [_thread_blocked, id=12376, stack(0x00000000172e0000,0x00000000173e0000)]
  0x0000000016059000 JavaThread "Reference Handler" daemon [_thread_blocked, id=13476, stack(0x00000000171e0000,0x00000000172e0000)]
  0x00000000025fd800 JavaThread "main" [_thread_blocked, id=6180, stack(0x0000000002470000,0x0000000002570000)]

Other Threads:
  0x0000000016036800 VMThread [stack: 0x00000000170e0000,0x00000000171e0000] [id=10872]
  0x00000000160cc000 WatcherThread [stack: 0x0000000017ee0000,0x0000000017fe0000] [id=836]

VM state:not at safepoint (normal execution)

VM Mutex/Monitor currently owned by a thread: None

heap address: 0x00000000a0000000, size: 1536 MB, Compressed Oops mode: 32-bit
Narrow klass base: 0x0000000000000000, Narrow klass shift: 3
Compressed class space size: 1073741824 Address: 0x0000000100000000

Heap:
 PSYoungGen      total 38400K, used 28268K [0x00000000e0000000, 0x00000000e2a80000, 0x0000000100000000)
  eden space 33280K, 69% used [0x00000000e0000000,0x00000000e169f3b0,0x00000000e2080000)
  from space 5120K, 99% used [0x00000000e2080000,0x00000000e257c010,0x00000000e2580000)
  to   space 5120K, 0% used [0x00000000e2580000,0x00000000e2580000,0x00000000e2a80000)
 ParOldGen       total 87552K, used 1914K [0x00000000a0000000, 0x00000000a5580000, 0x00000000e0000000)
  object space 87552K, 2% used [0x00000000a0000000,0x00000000a01de868,0x00000000a5580000)
 Metaspace       used 15163K, capacity 15568K, committed 15616K, reserved 1062912K
  class space    used 2157K, capacity 2296K, committed 2304K, reserved 1048576K

Card table byte_map: [0x0000000011ac0000,0x0000000011dd0000] byte_map_base: 0x00000000115c0000

Marking Bits: (ParMarkBitMap*) 0x0000000055f29f30
 Begin Bits: [0x00000000123d0000, 0x0000000013bd0000)
 End Bits:   [0x0000000013bd0000, 0x00000000153d0000)

Polling page: 0x0000000002400000

CodeCache: size=245760Kb used=4471Kb max_used=4527Kb free=241288Kb
 bounds [0x0000000002700000, 0x0000000002b80000, 0x0000000011700000]
 total_blobs=1695 nmethods=1307 adapters=301
 compilation: enabled

Compilation events (10 events):
Event: 13.617 Thread 0x000000001607d000 1441       3       java.util.concurrent.locks.ReentrantLock$Sync::tryRelease (45 bytes)
Event: 13.618 Thread 0x000000001607d000 nmethod 1441 0x0000000002947b10 code [0x0000000002947ca0, 0x0000000002948248]
Event: 13.619 Thread 0x000000001607d000 1443       3       java.nio.HeapByteBuffer::ix (7 bytes)
Event: 13.619 Thread 0x000000001607d000 nmethod 1443 0x0000000002947810 code [0x0000000002947960, 0x0000000002947ab0]
Event: 13.626 Thread 0x000000001607d000 1444       3       java.util.regex.Pattern$BmpCharProperty::<init> (5 bytes)
Event: 13.626 Thread 0x000000001607d000 nmethod 1444 0x0000000002947150 code [0x00000000029472e0, 0x0000000002947630]
Event: 13.626 Thread 0x000000001607d000 1445       3       java.util.regex.Pattern$BmpCharProperty::<init> (6 bytes)
Event: 13.626 Thread 0x000000001607d000 nmethod 1445 0x0000000002946b90 code [0x0000000002946d00, 0x0000000002946ff0]
Event: 13.634 Thread 0x000000001607d000 1446       3       java.lang.ClassLoader::addClass (9 bytes)
Event: 13.635 Thread 0x000000001607d000 nmethod 1446 0x00000000028621d0 code [0x0000000002862340, 0x0000000002862568]

GC Heap History (6 events):
Event: 6.595 GC heap before
{Heap before GC invocations=1 (full 0):
 PSYoungGen      total 38400K, used 33280K [0x00000000e0000000, 0x00000000e2a80000, 0x0000000100000000)
  eden space 33280K, 100% used [0x00000000e0000000,0x00000000e2080000,0x00000000e2080000)
  from space 5120K, 0% used [0x00000000e2580000,0x00000000e2580000,0x00000000e2a80000)
  to   space 5120K, 0% used [0x00000000e2080000,0x00000000e2080000,0x00000000e2580000)
 ParOldGen       total 87552K, used 0K [0x00000000a0000000, 0x00000000a5580000, 0x00000000e0000000)
  object space 87552K, 0% used [0x00000000a0000000,0x00000000a0000000,0x00000000a5580000)
 Metaspace       used 6632K, capacity 6800K, committed 7040K, reserved 1056768K
  class space    used 809K, capacity 844K, committed 896K, reserved 1048576K
Event: 6.602 GC heap after
Heap after GC invocations=1 (full 0):
 PSYoungGen      total 38400K, used 4117K [0x00000000e0000000, 0x00000000e2a80000, 0x0000000100000000)
  eden space 33280K, 0% used [0x00000000e0000000,0x00000000e0000000,0x00000000e2080000)
  from space 5120K, 80% used [0x00000000e2080000,0x00000000e2485708,0x00000000e2580000)
  to   space 5120K, 0% used [0x00000000e2580000,0x00000000e2580000,0x00000000e2a80000)
 ParOldGen       total 87552K, used 8K [0x00000000a0000000, 0x00000000a5580000, 0x00000000e0000000)
  object space 87552K, 0% used [0x00000000a0000000,0x00000000a0002000,0x00000000a5580000)
 Metaspace       used 6632K, capacity 6800K, committed 7040K, reserved 1056768K
  class space    used 809K, capacity 844K, committed 896K, reserved 1048576K
}
Event: 12.165 GC heap before
{Heap before GC invocations=2 (full 0):
 PSYoungGen      total 38400K, used 37397K [0x00000000e0000000, 0x00000000e2a80000, 0x0000000100000000)
  eden space 33280K, 100% used [0x00000000e0000000,0x00000000e2080000,0x00000000e2080000)
  from space 5120K, 80% used [0x00000000e2080000,0x00000000e2485708,0x00000000e2580000)
  to   space 5120K, 0% used [0x00000000e2580000,0x00000000e2580000,0x00000000e2a80000)
 ParOldGen       total 87552K, used 8K [0x00000000a0000000, 0x00000000a5580000, 0x00000000e0000000)
  object space 87552K, 0% used [0x00000000a0000000,0x00000000a0002000,0x00000000a5580000)
 Metaspace       used 8964K, capacity 9214K, committed 9472K, reserved 1056768K
  class space    used 1172K, capacity 1261K, committed 1280K, reserved 1048576K
Event: 12.169 GC heap after
Heap after GC invocations=2 (full 0):
 PSYoungGen      total 38400K, used 4513K [0x00000000e0000000, 0x00000000e2a80000, 0x0000000100000000)
  eden space 33280K, 0% used [0x00000000e0000000,0x00000000e0000000,0x00000000e2080000)
  from space 5120K, 88% used [0x00000000e2580000,0x00000000e29e85c0,0x00000000e2a80000)
  to   space 5120K, 0% used [0x00000000e2080000,0x00000000e2080000,0x00000000e2580000)
 ParOldGen       total 87552K, used 16K [0x00000000a0000000, 0x00000000a5580000, 0x00000000e0000000)
  object space 87552K, 0% used [0x00000000a0000000,0x00000000a0004000,0x00000000a5580000)
 Metaspace       used 8964K, capacity 9214K, committed 9472K, reserved 1056768K
  class space    used 1172K, capacity 1261K, committed 1280K, reserved 1048576K
}
Event: 13.290 GC heap before
{Heap before GC invocations=3 (full 0):
 PSYoungGen      total 38400K, used 37793K [0x00000000e0000000, 0x00000000e2a80000, 0x0000000100000000)
  eden space 33280K, 100% used [0x00000000e0000000,0x00000000e2080000,0x00000000e2080000)
  from space 5120K, 88% used [0x00000000e2580000,0x00000000e29e85c0,0x00000000e2a80000)
  to   space 5120K, 0% used [0x00000000e2080000,0x00000000e2080000,0x00000000e2580000)
 ParOldGen       total 87552K, used 16K [0x00000000a0000000, 0x00000000a5580000, 0x00000000e0000000)
  object space 87552K, 0% used [0x00000000a0000000,0x00000000a0004000,0x00000000a5580000)
 Metaspace       used 13374K, capacity 13792K, committed 14080K, reserved 1060864K
  class space    used 1854K, capacity 1998K, committed 2048K, reserved 1048576K
Event: 13.297 GC heap after
Heap after GC invocations=3 (full 0):
 PSYoungGen      total 38400K, used 5104K [0x00000000e0000000, 0x00000000e2a80000, 0x0000000100000000)
  eden space 33280K, 0% used [0x00000000e0000000,0x00000000e0000000,0x00000000e2080000)
  from space 5120K, 99% used [0x00000000e2080000,0x00000000e257c010,0x00000000e2580000)
  to   space 5120K, 0% used [0x00000000e2580000,0x00000000e2580000,0x00000000e2a80000)
 ParOldGen       total 87552K, used 1914K [0x00000000a0000000, 0x00000000a5580000, 0x00000000e0000000)
  object space 87552K, 2% used [0x00000000a0000000,0x00000000a01de868,0x00000000a5580000)
 Metaspace       used 13374K, capacity 13792K, committed 14080K, reserved 1060864K
  class space    used 1854K, capacity 1998K, committed 2048K, reserved 1048576K
}

Deoptimization events (10 events):
Event: 12.951 Thread 0x0000000018092800 Uncommon trap: reason=unstable_if action=reinterpret pc=0x0000000002abc9ac method=java.util.concurrent.ConcurrentHashMap.putVal(Ljava/lang/Object;Ljava/lang/Object;Z)Ljava/lang/Object; @ 206
Event: 13.034 Thread 0x0000000018133000 Uncommon trap: reason=bimorphic action=maybe_recompile pc=0x00000000029b7cb8 method=java.util.HashMap.putVal(ILjava/lang/Object;Ljava/lang/Object;ZZ)Ljava/lang/Object; @ 253
Event: 13.034 Thread 0x0000000018133000 Uncommon trap: reason=bimorphic action=maybe_recompile pc=0x00000000029b7cb8 method=java.util.HashMap.putVal(ILjava/lang/Object;Ljava/lang/Object;ZZ)Ljava/lang/Object; @ 253
Event: 13.035 Thread 0x0000000018133000 Uncommon trap: reason=bimorphic action=maybe_recompile pc=0x00000000029b7cb8 method=java.util.HashMap.putVal(ILjava/lang/Object;Ljava/lang/Object;ZZ)Ljava/lang/Object; @ 253
Event: 13.035 Thread 0x0000000018133000 Uncommon trap: reason=bimorphic action=maybe_recompile pc=0x00000000029bc6a4 method=java.util.HashMap.putVal(ILjava/lang/Object;Ljava/lang/Object;ZZ)Ljava/lang/Object; @ 253
Event: 13.279 Thread 0x0000000018133000 Uncommon trap: reason=class_check action=maybe_recompile pc=0x00000000029e7758 method=java.util.regex.Matcher.match(II)Z @ 86
Event: 13.301 Thread 0x0000000018133000 Uncommon trap: reason=class_check action=maybe_recompile pc=0x00000000029e7758 method=java.util.regex.Matcher.match(II)Z @ 86
Event: 13.301 Thread 0x0000000018133000 Uncommon trap: reason=class_check action=maybe_recompile pc=0x00000000029e7758 method=java.util.regex.Matcher.match(II)Z @ 86
Event: 13.302 Thread 0x0000000018133000 Uncommon trap: reason=class_check action=maybe_recompile pc=0x000000000299531c method=java.util.regex.Matcher.match(II)Z @ 86
Event: 13.633 Thread 0x0000000018133000 Uncommon trap: reason=unstable_if action=reinterpret pc=0x0000000002ab3f34 method=java.lang.String.lastIndexOf([CII[CIII)I @ 66

Classes redefined (0 events):
No events

Internal exceptions (10 events):
Event: 12.957 Thread 0x0000000018092800 Exception <a 'java/lang/NoSuchMethodError': <clinit>> (0x00000000e0929410) thrown at [D:\src\AOSP-openjdk-cygwin\jdk8u\hotspot\src\share\vm\prims\jni.cpp, line 1614]
Event: 12.961 Thread 0x0000000018092800 Exception <a 'java/lang/NoSuchMethodError': <clinit>> (0x00000000e093cb30) thrown at [D:\src\AOSP-openjdk-cygwin\jdk8u\hotspot\src\share\vm\prims\jni.cpp, line 1614]
Event: 12.965 Thread 0x0000000018092800 Exception <a 'java/lang/NoSuchMethodError': <clinit>> (0x00000000e0963ef8) thrown at [D:\src\AOSP-openjdk-cygwin\jdk8u\hotspot\src\share\vm\prims\jni.cpp, line 1614]
Event: 12.968 Thread 0x0000000018092800 Exception <a 'java/lang/NoSuchMethodError': <clinit>> (0x00000000e097bf28) thrown at [D:\src\AOSP-openjdk-cygwin\jdk8u\hotspot\src\share\vm\prims\jni.cpp, line 1614]
Event: 12.969 Thread 0x0000000018092800 Exception <a 'java/lang/NoSuchMethodError': <clinit>> (0x00000000e0984bb8) thrown at [D:\src\AOSP-openjdk-cygwin\jdk8u\hotspot\src\share\vm\prims\jni.cpp, line 1614]
Event: 12.972 Thread 0x0000000018092800 Exception <a 'java/lang/NoSuchMethodError': <clinit>> (0x00000000e099b1d8) thrown at [D:\src\AOSP-openjdk-cygwin\jdk8u\hotspot\src\share\vm\prims\jni.cpp, line 1614]
Event: 12.982 Thread 0x0000000018092800 Exception <a 'java/lang/NoSuchMethodError': <clinit>> (0x00000000e09fabe0) thrown at [D:\src\AOSP-openjdk-cygwin\jdk8u\hotspot\src\share\vm\prims\jni.cpp, line 1614]
Event: 12.987 Thread 0x0000000018092800 Exception <a 'java/lang/NoSuchMethodError': <clinit>> (0x00000000e0a27880) thrown at [D:\src\AOSP-openjdk-cygwin\jdk8u\hotspot\src\share\vm\prims\jni.cpp, line 1614]
Event: 12.994 Thread 0x0000000018092800 Exception <a 'java/lang/NoSuchMethodError': <clinit>> (0x00000000e0a55cd8) thrown at [D:\src\AOSP-openjdk-cygwin\jdk8u\hotspot\src\share\vm\prims\jni.cpp, line 1614]
Event: 12.995 Thread 0x0000000018092800 Exception <a 'java/lang/NoSuchMethodError': <clinit>> (0x00000000e0a60fd8) thrown at [D:\src\AOSP-openjdk-cygwin\jdk8u\hotspot\src\share\vm\prims\jni.cpp, line 1614]

Events (10 events):
Event: 13.641 loading class com/google/common/io/CharSource$StringCharSource
Event: 13.641 loading class com/google/common/io/CharSource$StringCharSource done
Event: 13.641 loading class com/google/common/io/CharSource$EmptyCharSource
Event: 13.641 loading class com/google/common/io/CharSource$EmptyCharSource done
Event: 13.642 loading class com/google/common/io/CharSource$AsByteSource
Event: 13.642 loading class com/google/common/io/CharSource$AsByteSource done
Event: 13.642 loading class org/gradle/configuration/DefaultImportsReader$1
Event: 13.642 loading class org/gradle/configuration/DefaultImportsReader$1 done
Event: 13.643 loading class com/google/common/io/Closer
Event: 13.643 loading class com/google/common/io/Closer done


Dynamic libraries:
0x00007ff68b3e0000 - 0x00007ff68b411000 	E:\Android\jre\bin\java.exe
0x00007ffb5bc00000 - 0x00007ffb5bdf0000 	C:\Windows\SYSTEM32\ntdll.dll
0x00007ffb5afe0000 - 0x00007ffb5b092000 	C:\Windows\System32\KERNEL32.DLL
0x00007ffb58b90000 - 0x00007ffb58e33000 	C:\Windows\System32\KERNELBASE.dll
0x00007ffb5aa80000 - 0x00007ffb5ab23000 	C:\Windows\System32\ADVAPI32.dll
0x00007ffb5a8e0000 - 0x00007ffb5a97e000 	C:\Windows\System32\msvcrt.dll
0x00007ffb5b0b0000 - 0x00007ffb5b147000 	C:\Windows\System32\sechost.dll
0x00007ffb5a7c0000 - 0x00007ffb5a8e0000 	C:\Windows\System32\RPCRT4.dll
0x00007ffb5b270000 - 0x00007ffb5b404000 	C:\Windows\System32\USER32.dll
0x00007ffb59a70000 - 0x00007ffb59a91000 	C:\Windows\System32\win32u.dll
0x00007ffb5a3a0000 - 0x00007ffb5a3c6000 	C:\Windows\System32\GDI32.dll
0x00007ffb59820000 - 0x00007ffb599b4000 	C:\Windows\System32\gdi32full.dll
0x00007ffb59bf0000 - 0x00007ffb59c8e000 	C:\Windows\System32\msvcp_win.dll
0x00007ffb59720000 - 0x00007ffb5981a000 	C:\Windows\System32\ucrtbase.dll
0x00007ffb492c0000 - 0x00007ffb49545000 	C:\Windows\WinSxS\amd64_microsoft.windows.common-controls_6595b64144ccf1df_6.0.18362.535_none_e6c3b34713100821\COMCTL32.dll
0x00007ffb5b880000 - 0x00007ffb5bbb6000 	C:\Windows\System32\combase.dll
0x00007ffb596a0000 - 0x00007ffb59720000 	C:\Windows\System32\bcryptPrimitives.dll
0x00007ffb5a980000 - 0x00007ffb5a9ae000 	C:\Windows\System32\IMM32.DLL
0x0000000056110000 - 0x00000000561e2000 	E:\Android\jre\jre\bin\msvcr100.dll
0x0000000055760000 - 0x0000000055fa6000 	E:\Android\jre\jre\bin\server\jvm.dll
0x00007ffb5af00000 - 0x00007ffb5af08000 	C:\Windows\System32\PSAPI.DLL
0x00007ffb55540000 - 0x00007ffb55564000 	C:\Windows\SYSTEM32\WINMM.dll
0x00007ffb4b150000 - 0x00007ffb4b15a000 	C:\Windows\SYSTEM32\VERSION.dll
0x00007ffb55510000 - 0x00007ffb5553d000 	C:\Windows\SYSTEM32\WINMMBASE.dll
0x00007ffb59650000 - 0x00007ffb5969a000 	C:\Windows\System32\cfgmgr32.dll
0x00007ffb54530000 - 0x00007ffb54539000 	C:\Windows\SYSTEM32\WSOCK32.dll
0x00007ffb5ab30000 - 0x00007ffb5ab9f000 	C:\Windows\System32\WS2_32.dll
0x00007ffb539d0000 - 0x00007ffb539df000 	E:\Android\jre\jre\bin\verify.dll
0x00007ffb52120000 - 0x00007ffb52149000 	E:\Android\jre\jre\bin\java.dll
0x00007ffb510d0000 - 0x00007ffb510e6000 	E:\Android\jre\jre\bin\zip.dll
0x00007ffb59cb0000 - 0x00007ffb5a395000 	C:\Windows\System32\SHELL32.dll
0x00007ffb5b1c0000 - 0x00007ffb5b269000 	C:\Windows\System32\shcore.dll
0x00007ffb58e40000 - 0x00007ffb595bf000 	C:\Windows\System32\windows.storage.dll
0x00007ffb58b00000 - 0x00007ffb58b1f000 	C:\Windows\System32\profapi.dll
0x00007ffb58b20000 - 0x00007ffb58b6a000 	C:\Windows\System32\powrprof.dll
0x00007ffb58ad0000 - 0x00007ffb58ae0000 	C:\Windows\System32\UMPDC.dll
0x00007ffb5aea0000 - 0x00007ffb5aef2000 	C:\Windows\System32\shlwapi.dll
0x00007ffb58ae0000 - 0x00007ffb58af1000 	C:\Windows\System32\kernel.appcore.dll
0x00007ffb59c90000 - 0x00007ffb59ca7000 	C:\Windows\System32\cryptsp.dll
0x00007ffb4d930000 - 0x00007ffb4d94a000 	E:\Android\jre\jre\bin\net.dll
0x00007ffb58340000 - 0x00007ffb583a7000 	C:\Windows\system32\mswsock.dll
0x00007ffb418c0000 - 0x00007ffb418d1000 	E:\Android\jre\jre\bin\nio.dll
0x00007ffb36100000 - 0x00007ffb36126000 	C:\Users\Dell\.gradle\native\29\windows-amd64\native-platform.dll
0x00007ffb536a0000 - 0x00007ffb536ad000 	E:\Android\jre\jre\bin\management.dll
0x00007ffb57eb0000 - 0x00007ffb57ee3000 	C:\Windows\system32\rsaenh.dll
0x00007ffb595c0000 - 0x00007ffb595e6000 	C:\Windows\System32\bcrypt.dll
0x00007ffb589f0000 - 0x00007ffb58a15000 	C:\Windows\SYSTEM32\USERENV.dll
0x00007ffb58510000 - 0x00007ffb5851c000 	C:\Windows\SYSTEM32\CRYPTBASE.dll
0x00007ffb58050000 - 0x00007ffb5808a000 	C:\Windows\SYSTEM32\IPHLPAPI.DLL
0x00007ffb5b0a0000 - 0x00007ffb5b0a8000 	C:\Windows\System32\NSI.dll
0x00007ffb4b1d0000 - 0x00007ffb4b1e6000 	C:\Windows\SYSTEM32\dhcpcsvc6.DLL
0x00007ffb4b280000 - 0x00007ffb4b29c000 	C:\Windows\SYSTEM32\dhcpcsvc.DLL
0x00007ffb58090000 - 0x00007ffb5815a000 	C:\Windows\SYSTEM32\DNSAPI.dll

VM Arguments:
jvm_args: -Xmx1536m -Dfile.encoding=windows-1252 -Duser.country=US -Duser.language=en -Duser.variant 
java_command: org.gradle.launcher.daemon.bootstrap.GradleDaemon 5.4.1
java_class_path (initial): C:\Users\Dell\.gradle\wrapper\dists\gradle-5.4.1-all\3221gyojl5jsh0helicew7rwx\gradle-5.4.1\lib\gradle-launcher-5.4.1.jar
Launcher Type: SUN_STANDARD

Environment Variables:
PATH=C:\Python27\;C:\Python27\Scripts;C:\Program Files (x86)\Intel\iCLS Client\;C:\Program Files\Intel\iCLS Client\;C:\Windows\system32;C:\Windows;C:\Windows\System32\Wbem;C:\Windows\System32\WindowsPowerShell\v1.0\;C:\Windows\System32\OpenSSH\;C:\Program Files\Intel\WiFi\bin\;C:\Program Files\Common Files\Intel\WirelessCommon\;C:\Program Files (x86)\Intel\Intel(R) Management Engine Components\DAL;C:\Program Files\Intel\Intel(R) Management Engine Components\DAL;C:\Program Files (x86)\Intel\Intel(R) Management Engine Components\IPT;C:\Program Files\Intel\Intel(R) Management Engine Components\IPT;C:\Program Files\nodejs\;C:\ProgramData\chocolatey\bin;C:\Program Files\Git\cmd;C:\Users\Dell\AppData\Local\Microsoft\WindowsApps;C:\Program Files\Intel\WiFi\bin\;C:\Program Files\Common Files\Intel\WirelessCommon\;C:\Users\Dell\AppData\Roaming\npm;C:\Users\Dell\AppData\Local\Programs\Microsoft VS Code\bin
USERNAME=Dell
OS=Windows_NT
PROCESSOR_IDENTIFIER=Intel64 Family 6 Model 61 Stepping 4, GenuineIntel



---------------  S Y S T E M  ---------------

OS: Windows 10.0 , 64 bit Build 18362 (10.0.18362.329)

CPU:total 4 (initial active 4) (2 cores per cpu, 2 threads per core) family 6 model 61 stepping 4, cmov, cx8, fxsr, mmx, sse, sse2, sse3, ssse3, sse4.1, sse4.2, popcnt, avx, avx2, aes, clmul, erms, rtm, 3dnowpref, lzcnt, ht, tsc, tscinvbit, bmi1, bmi2, adx

Memory: 4k page, physical 8257836k(2189556k free), swap 10492636k(5884k free)

vm_info: OpenJDK 64-Bit Server VM (25.202-b03) for windows-amd64 JRE (1.8.0_202-release-1483-b03), built by "builder" with MS VC++ 10.0 (VS2010)

time: Fri Jan 17 14:56:17 2020
timezone: India Standard Time
elapsed time: 13 seconds (0d 0h 0m 13s)

